Round 0 seed: 1587050983 :
M = 12, N = 9
A first:
Move: 0 Score: 0.0349014 Cnt: 659 Value: 23
Move: 1 Score: 0.0254669 Cnt: 589 Value: 15
Move: 2 Score: 0.0652985 Cnt: 1072 Value: 70
Move: 3 Score: 0.171786 Cnt: 159821 Value: 27455
Move: 4 Score: 0.0589452 Cnt: 967 Value: 57
Move: 5 Score: 0.0623145 Cnt: 1011 Value: 63
Move: 6 Score: 0.0437086 Cnt: 755 Value: 33
Move: 7 Score: -0.020649 Cnt: 339 Value: -7
Move: 8 Score: -0.00492611 Cnt: 406 Value: -2
Confidence: 0.171786
My move: 3
B Move:
Move: 0 Score: -0.321608 Cnt: 398 Value: -128
Move: 1 Score: -0.213699 Cnt: 2920 Value: -624
Move: 2 Score: -0.205487 Cnt: 3864 Value: -794
Move: 3 Score: -0.113437 Cnt: 201610 Value: -22870
Move: 4 Score: -0.198812 Cnt: 5050 Value: -1004
Move: 5 Score: -0.200424 Cnt: 4720 Value: -946
Move: 6 Score: -0.315914 Cnt: 421 Value: -133
Move: 7 Score: -0.294756 Cnt: 553 Value: -163
Move: 8 Score: -0.299048 Cnt: 525 Value: -157
Confidence: -0.113437
My move: 3
. . . . . . . . . 
. . . . . . . . . 
. . . . X . . . . 
. . . . . . . . . 
. . . . . . . . . 
. . . . . . . . . 
. . . . . . . . . 
. . . . . . . . . 
. . . . . . . . . 
. . . . . . . . . 
. . . B . . . . . 
. . . A . . . . . 
A Move:
