Round 0 seed: 1587050983 :
M = 12, N = 9
A first:
Move: 0 Score: 0.0349014 Cnt: 659 Value: 23
Move: 1 Score: 0.0254669 Cnt: 589 Value: 15
Move: 2 Score: 0.0652985 Cnt: 1072 Value: 70
Move: 3 Score: 0.174117 Cnt: 168128 Value: 29274
Move: 4 Score: 0.0589452 Cnt: 967 Value: 57
Move: 5 Score: 0.0623145 Cnt: 1011 Value: 63
Move: 6 Score: 0.0437086 Cnt: 755 Value: 33
Move: 7 Score: -0.020649 Cnt: 339 Value: -7
Move: 8 Score: -0.00492611 Cnt: 406 Value: -2
Confidence: 0.174117
My move: 3
B Move:
Move: 0 Score: -0.343915 Cnt: 189 Value: -65
Move: 1 Score: -0.253968 Cnt: 504 Value: -128
Move: 2 Score: -0.157237 Cnt: 5444 Value: -856
Move: 3 Score: -0.0739986 Cnt: 165868 Value: -12274
Move: 4 Score: -0.163295 Cnt: 4152 Value: -678
Move: 5 Score: -0.226054 Cnt: 783 Value: -177
Move: 6 Score: -0.257862 Cnt: 477 Value: -123
Move: 7 Score: -0.284024 Cnt: 338 Value: -96
Move: 8 Score: -0.280899 Cnt: 356 Value: -100
Confidence: -0.0739986
My move: 3
. . . . . . . . . 
. . . . . . . . . 
. . . . X . . . . 
. . . . . . . . . 
. . . . . . . . . 
. . . . . . . . . 
. . . . . . . . . 
. . . . . . . . . 
. . . . . . . . . 
. . . . . . . . . 
. . . B . . . . . 
. . . A . . . . . 
A Move:
