Round 0 seed: 1587050983 :
M = 12, N = 9
A first:
Move: 0 Score: 0.0349014 Cnt: 659 Value: 23
Move: 1 Score: 0.0254669 Cnt: 589 Value: 15
Move: 2 Score: 0.0652985 Cnt: 1072 Value: 70
Move: 3 Score: 0.173882 Cnt: 166630 Value: 28974
Move: 4 Score: 0.0589452 Cnt: 967 Value: 57
Move: 5 Score: 0.0623145 Cnt: 1011 Value: 63
Move: 6 Score: 0.0437086 Cnt: 755 Value: 33
Move: 7 Score: -0.020649 Cnt: 339 Value: -7
Move: 8 Score: -0.00492611 Cnt: 406 Value: -2
Confidence: 0.173882
My move: 3
B Move:
Move: 0 Score: -0.282209 Cnt: 326 Value: -92
Move: 1 Score: -0.46988 Cnt: 83 Value: -39
Move: 2 Score: -0.164221 Cnt: 2862 Value: -470
Move: 3 Score: -0.0919547 Cnt: 163885 Value: -15070
Move: 4 Score: -0.190372 Cnt: 1371 Value: -261
Move: 5 Score: -0.144749 Cnt: 6342 Value: -918
Move: 6 Score: -0.222222 Cnt: 738 Value: -164
Move: 7 Score: -0.246493 Cnt: 499 Value: -123
Move: 8 Score: -0.286174 Cnt: 311 Value: -89
Confidence: -0.0919547
My move: 3
. . . . . . . . . 
. . . . . . . . . 
. . . . X . . . . 
. . . . . . . . . 
. . . . . . . . . 
. . . . . . . . . 
. . . . . . . . . 
. . . . . . . . . 
. . . . . . . . . 
. . . . . . . . . 
. . . B . . . . . 
. . . A . . . . . 
A Move:
