Round 0 seed: 1587050983 :
M = 12, N = 9
A first:
Move: 0 Score: 0.0349014 Cnt: 659 Value: 23
Move: 1 Score: 0.0254669 Cnt: 589 Value: 15
Move: 2 Score: 0.0652985 Cnt: 1072 Value: 70
Move: 3 Score: 0.17385 Cnt: 161835 Value: 28135
Move: 4 Score: 0.0589452 Cnt: 967 Value: 57
Move: 5 Score: 0.0623145 Cnt: 1011 Value: 63
Move: 6 Score: 0.0437086 Cnt: 755 Value: 33
Move: 7 Score: -0.020649 Cnt: 339 Value: -7
Move: 8 Score: -0.00492611 Cnt: 406 Value: -2
Confidence: 0.17385
My move: 3
B Move:
Move: 0 Score: -0.314129 Cnt: 729 Value: -229
Move: 1 Score: -0.329932 Cnt: 588 Value: -194
Move: 2 Score: -0.193642 Cnt: 146967 Value: -28459
Move: 3 Score: -0.29505 Cnt: 1010 Value: -298
Move: 4 Score: -0.22006 Cnt: 9711 Value: -2137
Move: 5 Score: -0.201655 Cnt: 41695 Value: -8408
Move: 6 Score: -0.287179 Cnt: 1170 Value: -336
Move: 7 Score: -0.323944 Cnt: 639 Value: -207
Move: 8 Score: -0.418502 Cnt: 227 Value: -95
Confidence: -0.193642
My move: 2
. . . . . . . . . 
. . . . . . . . . 
. . . . X . . . . 
. . . . . . . . . 
. . . . . . . . . 
. . . . . . . . . 
. . . . . . . . . 
. . . . . . . . . 
. . . . . . . . . 
. . . . . . . . . 
. . . . . . . . . 
. . B A . . . . . 
A Move:
