Round 0 seed: 1587050983 :
M = 12, N = 9
A first:
Move: 0 Score: 0.0349014 Cnt: 659 Value: 23
Move: 1 Score: 0.0254669 Cnt: 589 Value: 15
Move: 2 Score: 0.0652985 Cnt: 1072 Value: 70
Move: 3 Score: 0.17425 Cnt: 162439 Value: 28305
Move: 4 Score: 0.0589452 Cnt: 967 Value: 57
Move: 5 Score: 0.0623145 Cnt: 1011 Value: 63
Move: 6 Score: 0.0437086 Cnt: 755 Value: 33
Move: 7 Score: -0.020649 Cnt: 339 Value: -7
Move: 8 Score: -0.00492611 Cnt: 406 Value: -2
Confidence: 0.17425
My move: 3
B Move:
Move: 0 Score: -0.265359 Cnt: 765 Value: -203
Move: 1 Score: -0.245725 Cnt: 1111 Value: -273
Move: 2 Score: -0.183449 Cnt: 8362 Value: -1534
Move: 3 Score: -0.0610629 Cnt: 156396 Value: -9550
Move: 4 Score: -0.244681 Cnt: 1128 Value: -276
Move: 5 Score: -0.185462 Cnt: 7484 Value: -1388
Move: 6 Score: -0.287823 Cnt: 542 Value: -156
Move: 7 Score: -0.271676 Cnt: 692 Value: -188
Move: 8 Score: -0.393258 Cnt: 178 Value: -70
Confidence: -0.0610629
My move: 3
. . . . . . . . . 
. . . . . . . . . 
. . . . X . . . . 
. . . . . . . . . 
. . . . . . . . . 
. . . . . . . . . 
. . . . . . . . . 
. . . . . . . . . 
. . . . . . . . . 
. . . . . . . . . 
. . . B . . . . . 
. . . A . . . . . 
A Move:
