Round 0 seed: 1587050983 :
M = 12, N = 9
A first:
Move: 0 Score: 0.0349014 Cnt: 659 Value: 23
Move: 1 Score: 0.0254669 Cnt: 589 Value: 15
Move: 2 Score: 0.0652985 Cnt: 1072 Value: 70
Move: 3 Score: 0.173914 Cnt: 166893 Value: 29025
Move: 4 Score: 0.0589452 Cnt: 967 Value: 57
Move: 5 Score: 0.0623145 Cnt: 1011 Value: 63
Move: 6 Score: 0.0437086 Cnt: 755 Value: 33
Move: 7 Score: -0.020649 Cnt: 339 Value: -7
Move: 8 Score: -0.00492611 Cnt: 406 Value: -2
Confidence: 0.173914
My move: 3
B Move:
Move: 0 Score: -0.300741 Cnt: 675 Value: -203
Move: 1 Score: -0.333333 Cnt: 429 Value: -143
Move: 2 Score: -0.201578 Cnt: 14322 Value: -2887
Move: 3 Score: -0.0846177 Cnt: 148515 Value: -12567
Move: 4 Score: -0.201061 Cnt: 14891 Value: -2994
Move: 5 Score: -0.229457 Cnt: 3517 Value: -807
Move: 6 Score: -0.28306 Cnt: 915 Value: -259
Move: 7 Score: -0.287247 Cnt: 839 Value: -241
Move: 8 Score: -0.319066 Cnt: 514 Value: -164
Confidence: -0.0846177
My move: 3
. . . . . . . . . 
. . . . . . . . . 
. . . . X . . . . 
. . . . . . . . . 
. . . . . . . . . 
. . . . . . . . . 
. . . . . . . . . 
. . . . . . . . . 
. . . . . . . . . 
. . . . . . . . . 
. . . B . . . . . 
. . . A . . . . . 
A Move:
